  Assets\body.FBX
  Assets\down_body.FBX
  Assets\graund1m.FBX
  Assets\graund200m.FBX
  Assets\head.FBX
  Assets\model.FBX
  Assets\skydome.FBX
  Assets\skydome_5-2.FBX
  Assets\skydome_5.FBX
  Assets\teapot.FBX
  Assets\weapon.FBX
  Game.cpp
Game.cpp(62): warning C4244: '引数': 'int' から 'float' への変換です。データが失われる可能性があります。
Game.cpp(98): warning C4244: '=': 'int' から 'float' への変換です。データが失われる可能性があります。
Game.cpp(99): warning C4244: '=': 'int' から 'float' への変換です。データが失われる可能性があります。
     ライブラリ C:\Users\s162195\Documents\GameEndine\GameEngineTK\Release\GameEngineTK.lib とオブジェクト C:\Users\s162195\Documents\GameEndine\GameEngineTK\Release\GameEngineTK.exp を作成中
  コード生成しています。
  3 of 615 functions ( 0.5%) were compiled, the rest were copied from previous compilation.
    0 functions were new in current compilation
    1 functions had inline decision re-evaluated but remain unchanged
  コード生成が終了しました。
  GameEngineTK.vcxproj -> C:\Users\s162195\Documents\GameEndine\GameEngineTK\Release\GameEngineTK.exe
  GameEngineTK.vcxproj -> C:\Users\s162195\Documents\GameEndine\GameEngineTK\Release\GameEngineTK.pdb (Full PDB)
